nohup: ignoring input
Model parameters:  7959620
==================== 2024-02-21 15:18:01 ====================

  0%|          | 0/684 [00:00<?, ?it/s]
  0%|          | 0/684 [32:06<?, ?it/s]
Epoch 1 | Step 0 | Loss 4.3911 | Accuracy 0.0066
Epoch 1 | Step 100 | Loss 2.3521 | Accuracy 0.3533
Epoch 1 | Step 200 | Loss 2.1222 | Accuracy 0.3960
Epoch 1 | Step 300 | Loss 2.0071 | Accuracy 0.4157
Epoch 1 | Step 400 | Loss 1.9230 | Accuracy 0.4276
Epoch 1 | Step 500 | Loss 1.8756 | Accuracy 0.4352
Epoch 1 | Step 600 | Loss 1.8396 | Accuracy 0.4412
EPOCH: 1, LOSS: 1.8176, ACC: 0.4458, VAL_LOSS: 1.4173, VAL_ACC: 0.4843
==================== 2024-02-21 15:50:07 ====================

  0%|          | 0/684 [00:00<?, ?it/s]
  0%|          | 0/684 [31:36<?, ?it/s]
Epoch 2 | Step 0 | Loss 1.7826 | Accuracy 0.4697
Epoch 2 | Step 100 | Loss 1.5996 | Accuracy 0.4760
Epoch 2 | Step 200 | Loss 1.6131 | Accuracy 0.4770
Epoch 2 | Step 300 | Loss 1.5975 | Accuracy 0.4781
Epoch 2 | Step 400 | Loss 1.5974 | Accuracy 0.4786
Epoch 2 | Step 500 | Loss 1.5978 | Accuracy 0.4791
Epoch 2 | Step 600 | Loss 1.5922 | Accuracy 0.4800
EPOCH: 2, LOSS: 1.5872, ACC: 0.4813, VAL_LOSS: 1.3431, VAL_ACC: 0.4977
==================== 2024-02-21 16:21:43 ====================

  0%|          | 0/684 [00:00<?, ?it/s]
  0%|          | 0/684 [29:25<?, ?it/s]
Epoch 3 | Step 0 | Loss 1.3905 | Accuracy 0.4879
Epoch 3 | Step 100 | Loss 1.5706 | Accuracy 0.4851
Epoch 3 | Step 200 | Loss 1.5706 | Accuracy 0.4860
Epoch 3 | Step 300 | Loss 1.5664 | Accuracy 0.4869
Epoch 3 | Step 400 | Loss 1.5613 | Accuracy 0.4873
Epoch 3 | Step 500 | Loss 1.5547 | Accuracy 0.4882
Epoch 3 | Step 600 | Loss 1.5477 | Accuracy 0.4889
EPOCH: 3, LOSS: 1.5413, ACC: 0.4905, VAL_LOSS: 1.2920, VAL_ACC: 0.5132
==================== 2024-02-21 16:51:09 ====================

  0%|          | 0/684 [00:00<?, ?it/s]
  0%|          | 0/684 [26:47<?, ?it/s]
Epoch 4 | Step 0 | Loss 1.6962 | Accuracy 0.4919
Epoch 4 | Step 100 | Loss 1.5151 | Accuracy 0.4948
Epoch 4 | Step 200 | Loss 1.5329 | Accuracy 0.4945
Epoch 4 | Step 300 | Loss 1.5246 | Accuracy 0.4950
Epoch 4 | Step 400 | Loss 1.5263 | Accuracy 0.4957
Epoch 4 | Step 500 | Loss 1.5206 | Accuracy 0.4964
Epoch 4 | Step 600 | Loss 1.5233 | Accuracy 0.4972
EPOCH: 4, LOSS: 1.5253, ACC: 0.4982, VAL_LOSS: 1.2544, VAL_ACC: 0.5256
==================== 2024-02-21 17:17:57 ====================

  0%|          | 0/684 [00:00<?, ?it/s]
  0%|          | 0/684 [31:08<?, ?it/s]
Epoch 5 | Step 0 | Loss 1.3319 | Accuracy 0.4962
Epoch 5 | Step 100 | Loss 1.4889 | Accuracy 0.5023
Epoch 5 | Step 200 | Loss 1.4965 | Accuracy 0.5032
Epoch 5 | Step 300 | Loss 1.4865 | Accuracy 0.5045
Epoch 5 | Step 400 | Loss 1.4778 | Accuracy 0.5053
Epoch 5 | Step 500 | Loss 1.4808 | Accuracy 0.5062
Epoch 5 | Step 600 | Loss 1.4747 | Accuracy 0.5071
EPOCH: 5, LOSS: 1.4761, ACC: 0.5082, VAL_LOSS: 1.2060, VAL_ACC: 0.5439
==================== 2024-02-21 17:49:05 ====================

  0%|          | 0/684 [00:00<?, ?it/s]
  0%|          | 0/684 [28:30<?, ?it/s]
Epoch 6 | Step 0 | Loss 1.6264 | Accuracy 0.5062
Epoch 6 | Step 100 | Loss 1.4619 | Accuracy 0.5120
Epoch 6 | Step 200 | Loss 1.4613 | Accuracy 0.5128
Epoch 6 | Step 300 | Loss 1.4644 | Accuracy 0.5132
Epoch 6 | Step 400 | Loss 1.4630 | Accuracy 0.5139
Epoch 6 | Step 500 | Loss 1.4510 | Accuracy 0.5149
Epoch 6 | Step 600 | Loss 1.4554 | Accuracy 0.5150
EPOCH: 6, LOSS: 1.4549, ACC: 0.5164, VAL_LOSS: 1.1606, VAL_ACC: 0.5576
==================== 2024-02-21 18:17:35 ====================

  0%|          | 0/684 [00:00<?, ?it/s]
  0%|          | 0/684 [28:38<?, ?it/s]
Epoch 7 | Step 0 | Loss 1.5950 | Accuracy 0.5184
Epoch 7 | Step 100 | Loss 1.4393 | Accuracy 0.5232
Epoch 7 | Step 200 | Loss 1.4308 | Accuracy 0.5234
Epoch 7 | Step 300 | Loss 1.4222 | Accuracy 0.5249
Epoch 7 | Step 400 | Loss 1.4185 | Accuracy 0.5256
Epoch 7 | Step 500 | Loss 1.4171 | Accuracy 0.5265
Epoch 7 | Step 600 | Loss 1.4134 | Accuracy 0.5273
EPOCH: 7, LOSS: 1.4122, ACC: 0.5285, VAL_LOSS: 1.1155, VAL_ACC: 0.5729
==================== 2024-02-21 18:46:14 ====================

  0%|          | 0/684 [00:00<?, ?it/s]
  0%|          | 0/684 [31:38<?, ?it/s]
Epoch 8 | Step 0 | Loss 1.2352 | Accuracy 0.5291
Epoch 8 | Step 100 | Loss 1.3569 | Accuracy 0.5337
Epoch 8 | Step 200 | Loss 1.3720 | Accuracy 0.5350
Epoch 8 | Step 300 | Loss 1.3711 | Accuracy 0.5364
Epoch 8 | Step 400 | Loss 1.3724 | Accuracy 0.5368
Epoch 8 | Step 500 | Loss 1.3704 | Accuracy 0.5376
Epoch 8 | Step 600 | Loss 1.3717 | Accuracy 0.5381
EPOCH: 8, LOSS: 1.3727, ACC: 0.5392, VAL_LOSS: 1.0293, VAL_ACC: 0.6040
==================== 2024-02-21 19:17:52 ====================

  0%|          | 0/684 [00:00<?, ?it/s]
  0%|          | 0/684 [30:10<?, ?it/s]
Epoch 9 | Step 0 | Loss 1.1916 | Accuracy 0.5448
Epoch 9 | Step 100 | Loss 1.3118 | Accuracy 0.5460
Epoch 9 | Step 200 | Loss 1.3174 | Accuracy 0.5476
Epoch 9 | Step 300 | Loss 1.3262 | Accuracy 0.5471
Epoch 9 | Step 400 | Loss 1.3310 | Accuracy 0.5476
Epoch 9 | Step 500 | Loss 1.3319 | Accuracy 0.5488
Epoch 9 | Step 600 | Loss 1.3320 | Accuracy 0.5490
EPOCH: 9, LOSS: 1.3360, ACC: 0.5505, VAL_LOSS: 1.0113, VAL_ACC: 0.6136
==================== 2024-02-21 19:48:02 ====================

  0%|          | 0/684 [00:00<?, ?it/s]
  0%|          | 0/684 [30:45<?, ?it/s]
Epoch 10 | Step 0 | Loss 1.5229 | Accuracy 0.5432
Epoch 10 | Step 100 | Loss 1.2968 | Accuracy 0.5558
Epoch 10 | Step 200 | Loss 1.2998 | Accuracy 0.5579
Epoch 10 | Step 300 | Loss 1.2937 | Accuracy 0.5593
Epoch 10 | Step 400 | Loss 1.2930 | Accuracy 0.5606
Epoch 10 | Step 500 | Loss 1.2874 | Accuracy 0.5616
Epoch 10 | Step 600 | Loss 1.2851 | Accuracy 0.5628
EPOCH: 10, LOSS: 1.2892, ACC: 0.5644, VAL_LOSS: 0.9351, VAL_ACC: 0.6413
==================== 2024-02-21 20:18:48 ====================

  0%|          | 0/684 [00:00<?, ?it/s]
  0%|          | 0/684 [28:17<?, ?it/s]
Epoch 11 | Step 0 | Loss 1.4417 | Accuracy 0.5674
Epoch 11 | Step 100 | Loss 1.2721 | Accuracy 0.5689
Epoch 11 | Step 200 | Loss 1.2714 | Accuracy 0.5699
Epoch 11 | Step 300 | Loss 1.2643 | Accuracy 0.5715
Epoch 11 | Step 400 | Loss 1.2670 | Accuracy 0.5725
Epoch 11 | Step 500 | Loss 1.2666 | Accuracy 0.5739
Epoch 11 | Step 600 | Loss 1.2628 | Accuracy 0.5751
EPOCH: 11, LOSS: 1.2645, ACC: 0.5767, VAL_LOSS: 0.8942, VAL_ACC: 0.6565
==================== 2024-02-21 20:47:06 ====================

  0%|          | 0/684 [00:00<?, ?it/s]
  0%|          | 0/684 [28:44<?, ?it/s]
Epoch 12 | Step 0 | Loss 1.3937 | Accuracy 0.5816
Epoch 12 | Step 100 | Loss 1.2449 | Accuracy 0.5789
Epoch 12 | Step 200 | Loss 1.2469 | Accuracy 0.5818
Epoch 12 | Step 300 | Loss 1.2406 | Accuracy 0.5841
Epoch 12 | Step 400 | Loss 1.2354 | Accuracy 0.5857
Epoch 12 | Step 500 | Loss 1.2269 | Accuracy 0.5871
Epoch 12 | Step 600 | Loss 1.2200 | Accuracy 0.5887
EPOCH: 12, LOSS: 1.2216, ACC: 0.5904, VAL_LOSS: 0.8653, VAL_ACC: 0.6676
==================== 2024-02-21 21:15:50 ====================

  0%|          | 0/684 [00:00<?, ?it/s]
  0%|          | 0/684 [32:03<?, ?it/s]
Epoch 13 | Step 0 | Loss 1.0515 | Accuracy 0.5977
Epoch 13 | Step 100 | Loss 1.1575 | Accuracy 0.5997
Epoch 13 | Step 200 | Loss 1.1615 | Accuracy 0.6015
Epoch 13 | Step 300 | Loss 1.1692 | Accuracy 0.6023
Epoch 13 | Step 400 | Loss 1.1696 | Accuracy 0.6028
Epoch 13 | Step 500 | Loss 1.1803 | Accuracy 0.6026
Epoch 13 | Step 600 | Loss 1.1839 | Accuracy 0.6035
EPOCH: 13, LOSS: 1.1807, ACC: 0.6058, VAL_LOSS: 0.7805, VAL_ACC: 0.7062
==================== 2024-02-21 21:47:53 ====================

  0%|          | 0/684 [00:00<?, ?it/s]
  0%|          | 0/684 [27:29<?, ?it/s]
Epoch 14 | Step 0 | Loss 1.0022 | Accuracy 0.6119
Epoch 14 | Step 100 | Loss 1.1482 | Accuracy 0.6147
Epoch 14 | Step 200 | Loss 1.1403 | Accuracy 0.6159
Epoch 14 | Step 300 | Loss 1.1333 | Accuracy 0.6186
Epoch 14 | Step 400 | Loss 1.1369 | Accuracy 0.6190
Epoch 14 | Step 500 | Loss 1.1304 | Accuracy 0.6203
Epoch 14 | Step 600 | Loss 1.1280 | Accuracy 0.6210
EPOCH: 14, LOSS: 1.1294, ACC: 0.6233, VAL_LOSS: 0.7416, VAL_ACC: 0.7198
==================== 2024-02-21 22:15:22 ====================

  0%|          | 0/684 [00:00<?, ?it/s]
  0%|          | 0/684 [26:57<?, ?it/s]
Epoch 15 | Step 0 | Loss 0.9556 | Accuracy 0.6352
Epoch 15 | Step 100 | Loss 1.0642 | Accuracy 0.6354
Epoch 15 | Step 200 | Loss 1.0824 | Accuracy 0.6334
Epoch 15 | Step 300 | Loss 1.0809 | Accuracy 0.6358
Epoch 15 | Step 400 | Loss 1.0768 | Accuracy 0.6373
Epoch 15 | Step 500 | Loss 1.0798 | Accuracy 0.6389
Epoch 15 | Step 600 | Loss 1.0781 | Accuracy 0.6394
EPOCH: 15, LOSS: 1.0761, ACC: 0.6413, VAL_LOSS: 0.6729, VAL_ACC: 0.7493
==================== 2024-02-21 22:42:19 ====================

  0%|          | 0/684 [00:00<?, ?it/s]
  0%|          | 0/684 [26:50<?, ?it/s]
Epoch 16 | Step 0 | Loss 0.9118 | Accuracy 0.6500
Epoch 16 | Step 100 | Loss 1.0648 | Accuracy 0.6536
Epoch 16 | Step 200 | Loss 1.0532 | Accuracy 0.6539
Epoch 16 | Step 300 | Loss 1.0426 | Accuracy 0.6550
Epoch 16 | Step 400 | Loss 1.0313 | Accuracy 0.6568
Epoch 16 | Step 500 | Loss 1.0266 | Accuracy 0.6582
Epoch 16 | Step 600 | Loss 1.0254 | Accuracy 0.6595
EPOCH: 16, LOSS: 1.0221, ACC: 0.6616, VAL_LOSS: 0.6347, VAL_ACC: 0.7655
==================== 2024-02-21 23:09:10 ====================

  0%|          | 0/684 [00:00<?, ?it/s]
  0%|          | 0/684 [29:35<?, ?it/s]
Epoch 17 | Step 0 | Loss 0.8525 | Accuracy 0.6725
Epoch 17 | Step 100 | Loss 1.0296 | Accuracy 0.6696
Epoch 17 | Step 200 | Loss 1.0113 | Accuracy 0.6707
Epoch 17 | Step 300 | Loss 1.0103 | Accuracy 0.6702
Epoch 17 | Step 400 | Loss 1.0022 | Accuracy 0.6716
Epoch 17 | Step 500 | Loss 1.0032 | Accuracy 0.6726
Epoch 17 | Step 600 | Loss 0.9939 | Accuracy 0.6741
EPOCH: 17, LOSS: 0.9929, ACC: 0.6759, VAL_LOSS: 0.5939, VAL_ACC: 0.7822
==================== 2024-02-21 23:38:46 ====================

  0%|          | 0/684 [00:00<?, ?it/s]
  0%|          | 0/684 [27:26<?, ?it/s]
Epoch 18 | Step 0 | Loss 1.0974 | Accuracy 0.6813
Epoch 18 | Step 100 | Loss 0.9855 | Accuracy 0.6786
Epoch 18 | Step 200 | Loss 0.9781 | Accuracy 0.6821
Epoch 18 | Step 300 | Loss 0.9770 | Accuracy 0.6831
Epoch 18 | Step 400 | Loss 0.9632 | Accuracy 0.6852
Epoch 18 | Step 500 | Loss 0.9530 | Accuracy 0.6878
Epoch 18 | Step 600 | Loss 0.9488 | Accuracy 0.6892
EPOCH: 18, LOSS: 0.9488, ACC: 0.6920, VAL_LOSS: 0.5529, VAL_ACC: 0.7976
==================== 2024-02-22 00:06:13 ====================

  0%|          | 0/684 [00:00<?, ?it/s]
  0%|          | 0/684 [26:47<?, ?it/s]
Epoch 19 | Step 0 | Loss 1.0262 | Accuracy 0.7055
Epoch 19 | Step 100 | Loss 0.9008 | Accuracy 0.7033
Epoch 19 | Step 200 | Loss 0.8987 | Accuracy 0.7046
Epoch 19 | Step 300 | Loss 0.8992 | Accuracy 0.7056
Epoch 19 | Step 400 | Loss 0.8848 | Accuracy 0.7079
Epoch 19 | Step 500 | Loss 0.8796 | Accuracy 0.7097
Epoch 19 | Step 600 | Loss 0.8728 | Accuracy 0.7115
EPOCH: 19, LOSS: 0.8734, ACC: 0.7133, VAL_LOSS: 0.5335, VAL_ACC: 0.8040
==================== 2024-02-22 00:33:00 ====================

  0%|          | 0/684 [00:00<?, ?it/s]
  0%|          | 0/684 [31:27<?, ?it/s]
Epoch 20 | Step 0 | Loss 0.7700 | Accuracy 0.7080
Epoch 20 | Step 100 | Loss 0.8804 | Accuracy 0.7206
Epoch 20 | Step 200 | Loss 0.8512 | Accuracy 0.7235
Epoch 20 | Step 300 | Loss 0.8428 | Accuracy 0.7256
Epoch 20 | Step 400 | Loss 0.8443 | Accuracy 0.7265
Epoch 20 | Step 500 | Loss 0.8411 | Accuracy 0.7272
Epoch 20 | Step 600 | Loss 0.8369 | Accuracy 0.7288
EPOCH: 20, LOSS: 0.8340, ACC: 0.7312, VAL_LOSS: 0.4608, VAL_ACC: 0.8316
==================== 2024-02-22 01:04:28 ====================

  0%|          | 0/684 [00:00<?, ?it/s]
  0%|          | 0/684 [30:25<?, ?it/s]
Epoch 21 | Step 0 | Loss 0.9492 | Accuracy 0.7336
Epoch 21 | Step 100 | Loss 0.7965 | Accuracy 0.7400
Epoch 21 | Step 200 | Loss 0.7979 | Accuracy 0.7423
Epoch 21 | Step 300 | Loss 0.7922 | Accuracy 0.7432
Epoch 21 | Step 400 | Loss 0.7845 | Accuracy 0.7444
Epoch 21 | Step 500 | Loss 0.7851 | Accuracy 0.7454
Epoch 21 | Step 600 | Loss 0.7811 | Accuracy 0.7468
EPOCH: 21, LOSS: 0.7845, ACC: 0.7487, VAL_LOSS: 0.4029, VAL_ACC: 0.8562
==================== 2024-02-22 01:34:54 ====================

  0%|          | 0/684 [00:00<?, ?it/s]
  0%|          | 0/684 [26:41<?, ?it/s]
Epoch 22 | Step 0 | Loss 0.8618 | Accuracy 0.7608
Epoch 22 | Step 100 | Loss 0.7802 | Accuracy 0.7511
Epoch 22 | Step 200 | Loss 0.7692 | Accuracy 0.7521
Epoch 22 | Step 300 | Loss 0.7643 | Accuracy 0.7546
Epoch 22 | Step 400 | Loss 0.7640 | Accuracy 0.7549
Epoch 22 | Step 500 | Loss 0.7562 | Accuracy 0.7562
Epoch 22 | Step 600 | Loss 0.7463 | Accuracy 0.7592
EPOCH: 22, LOSS: 0.7457, ACC: 0.7615, VAL_LOSS: 0.3724, VAL_ACC: 0.8696
==================== 2024-02-22 02:01:35 ====================

  0%|          | 0/684 [00:00<?, ?it/s]
  0%|          | 0/684 [27:20<?, ?it/s]
Epoch 23 | Step 0 | Loss 0.7910 | Accuracy 0.7823
Epoch 23 | Step 100 | Loss 0.7024 | Accuracy 0.7736
Epoch 23 | Step 200 | Loss 0.6928 | Accuracy 0.7751
Epoch 23 | Step 300 | Loss 0.6949 | Accuracy 0.7762
Epoch 23 | Step 400 | Loss 0.6855 | Accuracy 0.7782
Epoch 23 | Step 500 | Loss 0.6806 | Accuracy 0.7792
Epoch 23 | Step 600 | Loss 0.6768 | Accuracy 0.7808
EPOCH: 23, LOSS: 0.6762, ACC: 0.7826, VAL_LOSS: 0.3625, VAL_ACC: 0.8743
==================== 2024-02-22 02:28:56 ====================

  0%|          | 0/684 [00:00<?, ?it/s]
  0%|          | 0/684 [27:06<?, ?it/s]
Epoch 24 | Step 0 | Loss 0.7803 | Accuracy 0.7849
Epoch 24 | Step 100 | Loss 0.6817 | Accuracy 0.7879
Epoch 24 | Step 200 | Loss 0.6630 | Accuracy 0.7895
Epoch 24 | Step 300 | Loss 0.6671 | Accuracy 0.7887
Epoch 24 | Step 400 | Loss 0.6640 | Accuracy 0.7896
Epoch 24 | Step 500 | Loss 0.6651 | Accuracy 0.7903
Epoch 24 | Step 600 | Loss 0.6595 | Accuracy 0.7912
EPOCH: 24, LOSS: 0.6554, ACC: 0.7934, VAL_LOSS: 0.3206, VAL_ACC: 0.8841
==================== 2024-02-22 02:56:02 ====================

  0%|          | 0/684 [00:00<?, ?it/s]
  0%|          | 0/684 [29:41<?, ?it/s]
Epoch 25 | Step 0 | Loss 0.7344 | Accuracy 0.7984
Epoch 25 | Step 100 | Loss 0.6487 | Accuracy 0.7992
Epoch 25 | Step 200 | Loss 0.6482 | Accuracy 0.7994
Epoch 25 | Step 300 | Loss 0.6428 | Accuracy 0.7997
Epoch 25 | Step 400 | Loss 0.6386 | Accuracy 0.8005
Epoch 25 | Step 500 | Loss 0.6358 | Accuracy 0.8014
Epoch 25 | Step 600 | Loss 0.6264 | Accuracy 0.8032
EPOCH: 25, LOSS: 0.6240, ACC: 0.8053, VAL_LOSS: 0.2963, VAL_ACC: 0.8956
==================== 2024-02-22 03:25:44 ====================

  0%|          | 0/684 [00:00<?, ?it/s]
  0%|          | 0/684 [26:52<?, ?it/s]
Epoch 26 | Step 0 | Loss 0.6994 | Accuracy 0.8105
Epoch 26 | Step 100 | Loss 0.5939 | Accuracy 0.8115
Epoch 26 | Step 200 | Loss 0.5925 | Accuracy 0.8121
Epoch 26 | Step 300 | Loss 0.6038 | Accuracy 0.8087
Epoch 26 | Step 400 | Loss 0.5875 | Accuracy 0.8125
Epoch 26 | Step 500 | Loss 0.5836 | Accuracy 0.8140
Epoch 26 | Step 600 | Loss 0.5763 | Accuracy 0.8161
EPOCH: 26, LOSS: 0.5767, ACC: 0.8180, VAL_LOSS: 0.2529, VAL_ACC: 0.9111
==================== 2024-02-22 03:52:36 ====================

  0%|          | 0/684 [00:00<?, ?it/s]
  0%|          | 0/684 [27:03<?, ?it/s]
Epoch 27 | Step 0 | Loss 0.6289 | Accuracy 0.8272
Epoch 27 | Step 100 | Loss 0.5490 | Accuracy 0.8253
Epoch 27 | Step 200 | Loss 0.5582 | Accuracy 0.8247
Epoch 27 | Step 300 | Loss 0.5544 | Accuracy 0.8258
Epoch 27 | Step 400 | Loss 0.5519 | Accuracy 0.8275
Epoch 27 | Step 500 | Loss 0.5475 | Accuracy 0.8282
Epoch 27 | Step 600 | Loss 0.5449 | Accuracy 0.8288
EPOCH: 27, LOSS: 0.5424, ACC: 0.8307, VAL_LOSS: 0.2220, VAL_ACC: 0.9232
==================== 2024-02-22 04:19:40 ====================

  0%|          | 0/684 [00:00<?, ?it/s]
  0%|          | 0/684 [27:02<?, ?it/s]
Epoch 28 | Step 0 | Loss 0.4248 | Accuracy 0.8403
Epoch 28 | Step 100 | Loss 0.4987 | Accuracy 0.8402
Epoch 28 | Step 200 | Loss 0.5087 | Accuracy 0.8396
Epoch 28 | Step 300 | Loss 0.5139 | Accuracy 0.8387
Epoch 28 | Step 400 | Loss 0.5179 | Accuracy 0.8376
Epoch 28 | Step 500 | Loss 0.5219 | Accuracy 0.8373
Epoch 28 | Step 600 | Loss 0.5163 | Accuracy 0.8386
EPOCH: 28, LOSS: 0.5120, ACC: 0.8412, VAL_LOSS: 0.2057, VAL_ACC: 0.9290
==================== 2024-02-22 04:46:42 ====================

  0%|          | 0/684 [00:00<?, ?it/s]
  0%|          | 0/684 [27:01<?, ?it/s]
Epoch 29 | Step 0 | Loss 0.3951 | Accuracy 0.8526
Epoch 29 | Step 100 | Loss 0.4755 | Accuracy 0.8487
Epoch 29 | Step 200 | Loss 0.4836 | Accuracy 0.8480
Epoch 29 | Step 300 | Loss 0.4823 | Accuracy 0.8486
Epoch 29 | Step 400 | Loss 0.4820 | Accuracy 0.8489
Epoch 29 | Step 500 | Loss 0.4777 | Accuracy 0.8502
Epoch 29 | Step 600 | Loss 0.4701 | Accuracy 0.8516
EPOCH: 29, LOSS: 0.4661, ACC: 0.8538, VAL_LOSS: 0.2034, VAL_ACC: 0.9284
==================== 2024-02-22 05:13:43 ====================

  0%|          | 0/684 [00:00<?, ?it/s]
  0%|          | 0/684 [26:55<?, ?it/s]
Epoch 30 | Step 0 | Loss 0.3849 | Accuracy 0.8577
Epoch 30 | Step 100 | Loss 0.4279 | Accuracy 0.8635
Epoch 30 | Step 200 | Loss 0.4359 | Accuracy 0.8620
Epoch 30 | Step 300 | Loss 0.4368 | Accuracy 0.8621
Epoch 30 | Step 400 | Loss 0.4370 | Accuracy 0.8622
Epoch 30 | Step 500 | Loss 0.4340 | Accuracy 0.8632
Epoch 30 | Step 600 | Loss 0.4332 | Accuracy 0.8632
EPOCH: 30, LOSS: 0.4327, ACC: 0.8654, VAL_LOSS: 0.1776, VAL_ACC: 0.9379
==================== 2024-02-22 05:40:39 ====================

  0%|          | 0/684 [00:00<?, ?it/s]
  0%|          | 0/684 [26:57<?, ?it/s]
Epoch 31 | Step 0 | Loss 0.3579 | Accuracy 0.8663
Epoch 31 | Step 100 | Loss 0.4287 | Accuracy 0.8679
Epoch 31 | Step 200 | Loss 0.4131 | Accuracy 0.8696
Epoch 31 | Step 300 | Loss 0.4091 | Accuracy 0.8710
Epoch 31 | Step 400 | Loss 0.4136 | Accuracy 0.8698
Epoch 31 | Step 500 | Loss 0.4168 | Accuracy 0.8696
Epoch 31 | Step 600 | Loss 0.4212 | Accuracy 0.8684
EPOCH: 31, LOSS: 0.4197, ACC: 0.8708, VAL_LOSS: 0.1706, VAL_ACC: 0.9415
==================== 2024-02-22 06:07:36 ====================

  0%|          | 0/684 [00:00<?, ?it/s]
  0%|          | 0/684 [26:56<?, ?it/s]
Epoch 32 | Step 0 | Loss 0.4757 | Accuracy 0.8731
Epoch 32 | Step 100 | Loss 0.3959 | Accuracy 0.8776
Epoch 32 | Step 200 | Loss 0.3777 | Accuracy 0.8804
Epoch 32 | Step 300 | Loss 0.3781 | Accuracy 0.8807
Epoch 32 | Step 400 | Loss 0.3900 | Accuracy 0.8781
Epoch 32 | Step 500 | Loss 0.3861 | Accuracy 0.8794
Epoch 32 | Step 600 | Loss 0.3811 | Accuracy 0.8809
EPOCH: 32, LOSS: 0.3814, ACC: 0.8824, VAL_LOSS: 0.1449, VAL_ACC: 0.9496
==================== 2024-02-22 06:34:32 ====================

  0%|          | 0/684 [00:00<?, ?it/s]
  0%|          | 0/684 [29:26<?, ?it/s]
Epoch 33 | Step 0 | Loss 0.3180 | Accuracy 0.8795
Epoch 33 | Step 100 | Loss 0.3626 | Accuracy 0.8850
Epoch 33 | Step 200 | Loss 0.3600 | Accuracy 0.8864
Epoch 33 | Step 300 | Loss 0.3537 | Accuracy 0.8878
Epoch 33 | Step 400 | Loss 0.3534 | Accuracy 0.8886
Epoch 33 | Step 500 | Loss 0.3585 | Accuracy 0.8875
Epoch 33 | Step 600 | Loss 0.3547 | Accuracy 0.8888
EPOCH: 33, LOSS: 0.3536, ACC: 0.8909, VAL_LOSS: 0.1341, VAL_ACC: 0.9527
==================== 2024-02-22 07:03:59 ====================

  0%|          | 0/684 [00:00<?, ?it/s]
  0%|          | 0/684 [26:46<?, ?it/s]
Epoch 34 | Step 0 | Loss 0.2931 | Accuracy 0.8887
Epoch 34 | Step 100 | Loss 0.3512 | Accuracy 0.8918
Epoch 34 | Step 200 | Loss 0.3406 | Accuracy 0.8950
Epoch 34 | Step 300 | Loss 0.3340 | Accuracy 0.8961
Epoch 34 | Step 400 | Loss 0.3295 | Accuracy 0.8971
Epoch 34 | Step 500 | Loss 0.3287 | Accuracy 0.8978
Epoch 34 | Step 600 | Loss 0.3274 | Accuracy 0.8982
EPOCH: 34, LOSS: 0.3270, ACC: 0.9003, VAL_LOSS: 0.1161, VAL_ACC: 0.9597
==================== 2024-02-22 07:30:46 ====================

  0%|          | 0/684 [00:00<?, ?it/s]
  0%|          | 0/684 [26:42<?, ?it/s]
Epoch 35 | Step 0 | Loss 0.2717 | Accuracy 0.8974
Epoch 35 | Step 100 | Loss 0.3313 | Accuracy 0.8988
Epoch 35 | Step 200 | Loss 0.3148 | Accuracy 0.9025
Epoch 35 | Step 300 | Loss 0.3104 | Accuracy 0.9039
Epoch 35 | Step 400 | Loss 0.3102 | Accuracy 0.9039
Epoch 35 | Step 500 | Loss 0.3083 | Accuracy 0.9045
Epoch 35 | Step 600 | Loss 0.3054 | Accuracy 0.9054
EPOCH: 35, LOSS: 0.3070, ACC: 0.9069, VAL_LOSS: 0.1137, VAL_ACC: 0.9595
==================== 2024-02-22 07:57:28 ====================

  0%|          | 0/684 [00:00<?, ?it/s]
  0%|          | 0/684 [26:37<?, ?it/s]
Epoch 36 | Step 0 | Loss 0.3821 | Accuracy 0.8997
Epoch 36 | Step 100 | Loss 0.3106 | Accuracy 0.9079
Epoch 36 | Step 200 | Loss 0.2959 | Accuracy 0.9107
Epoch 36 | Step 300 | Loss 0.2944 | Accuracy 0.9107
Epoch 36 | Step 400 | Loss 0.2928 | Accuracy 0.9109
Epoch 36 | Step 500 | Loss 0.2898 | Accuracy 0.9116
Epoch 36 | Step 600 | Loss 0.2860 | Accuracy 0.9126
EPOCH: 36, LOSS: 0.2846, ACC: 0.9145, VAL_LOSS: 0.1003, VAL_ACC: 0.9656
==================== 2024-02-22 08:24:06 ====================

  0%|          | 0/684 [00:00<?, ?it/s]
  0%|          | 0/684 [26:36<?, ?it/s]
Epoch 37 | Step 0 | Loss 0.2278 | Accuracy 0.9166
Epoch 37 | Step 100 | Loss 0.2624 | Accuracy 0.9184
Epoch 37 | Step 200 | Loss 0.2583 | Accuracy 0.9196
Epoch 37 | Step 300 | Loss 0.2537 | Accuracy 0.9206
Epoch 37 | Step 400 | Loss 0.2539 | Accuracy 0.9210
Epoch 37 | Step 500 | Loss 0.2558 | Accuracy 0.9210
Epoch 37 | Step 600 | Loss 0.2565 | Accuracy 0.9211
EPOCH: 37, LOSS: 0.2543, ACC: 0.9230, VAL_LOSS: 0.0860, VAL_ACC: 0.9699
==================== 2024-02-22 08:50:43 ====================

  0%|          | 0/684 [00:00<?, ?it/s]
  0%|          | 0/684 [26:52<?, ?it/s]
Epoch 38 | Step 0 | Loss 0.2155 | Accuracy 0.9178
Epoch 38 | Step 100 | Loss 0.2434 | Accuracy 0.9248
Epoch 38 | Step 200 | Loss 0.2500 | Accuracy 0.9244
Epoch 38 | Step 300 | Loss 0.2473 | Accuracy 0.9247
Epoch 38 | Step 400 | Loss 0.2426 | Accuracy 0.9256
Epoch 38 | Step 500 | Loss 0.2409 | Accuracy 0.9263
Epoch 38 | Step 600 | Loss 0.2393 | Accuracy 0.9271
EPOCH: 38, LOSS: 0.2384, ACC: 0.9288, VAL_LOSS: 0.0707, VAL_ACC: 0.9759
==================== 2024-02-22 09:17:35 ====================

  0%|          | 0/684 [00:00<?, ?it/s]
  0%|          | 0/684 [26:56<?, ?it/s]
Epoch 39 | Step 0 | Loss 0.2785 | Accuracy 0.9290
Epoch 39 | Step 100 | Loss 0.2590 | Accuracy 0.9222
Epoch 39 | Step 200 | Loss 0.2385 | Accuracy 0.9274
Epoch 39 | Step 300 | Loss 0.2312 | Accuracy 0.9297
Epoch 39 | Step 400 | Loss 0.2291 | Accuracy 0.9303
Epoch 39 | Step 500 | Loss 0.2263 | Accuracy 0.9311
Epoch 39 | Step 600 | Loss 0.2242 | Accuracy 0.9319
EPOCH: 39, LOSS: 0.2242, ACC: 0.9333, VAL_LOSS: 0.0876, VAL_ACC: 0.9696
==================== 2024-02-22 09:44:32 ====================

  0%|          | 0/684 [00:00<?, ?it/s]
  0%|          | 0/684 [26:53<?, ?it/s]
Epoch 40 | Step 0 | Loss 0.3025 | Accuracy 0.9235
Epoch 40 | Step 100 | Loss 0.2120 | Accuracy 0.9352
Epoch 40 | Step 200 | Loss 0.2147 | Accuracy 0.9352
Epoch 40 | Step 300 | Loss 0.2098 | Accuracy 0.9364
Epoch 40 | Step 400 | Loss 0.2076 | Accuracy 0.9370
Epoch 40 | Step 500 | Loss 0.2067 | Accuracy 0.9374
Epoch 40 | Step 600 | Loss 0.2046 | Accuracy 0.9378
EPOCH: 40, LOSS: 0.2032, ACC: 0.9398, VAL_LOSS: 0.0563, VAL_ACC: 0.9806
==================== 2024-02-22 10:11:26 ====================

  0%|          | 0/684 [00:00<?, ?it/s]
  0%|          | 0/684 [26:56<?, ?it/s]
Epoch 41 | Step 0 | Loss 0.2386 | Accuracy 0.9384
Epoch 41 | Step 100 | Loss 0.2003 | Accuracy 0.9401
Epoch 41 | Step 200 | Loss 0.1931 | Accuracy 0.9418
Epoch 41 | Step 300 | Loss 0.1915 | Accuracy 0.9427
Epoch 41 | Step 400 | Loss 0.1919 | Accuracy 0.9425
Epoch 41 | Step 500 | Loss 0.1899 | Accuracy 0.9430
Epoch 41 | Step 600 | Loss 0.1892 | Accuracy 0.9433
EPOCH: 41, LOSS: 0.1885, ACC: 0.9449, VAL_LOSS: 0.0513, VAL_ACC: 0.9827
==================== 2024-02-22 10:38:22 ====================

  0%|          | 0/684 [00:00<?, ?it/s]
  0%|          | 0/684 [26:56<?, ?it/s]
Epoch 42 | Step 0 | Loss 0.1432 | Accuracy 0.9468
Epoch 42 | Step 100 | Loss 0.1682 | Accuracy 0.9486
Epoch 42 | Step 200 | Loss 0.1725 | Accuracy 0.9482
Epoch 42 | Step 300 | Loss 0.1718 | Accuracy 0.9484
Epoch 42 | Step 400 | Loss 0.1714 | Accuracy 0.9487
Epoch 42 | Step 500 | Loss 0.1690 | Accuracy 0.9491
Epoch 42 | Step 600 | Loss 0.1681 | Accuracy 0.9494
EPOCH: 42, LOSS: 0.1671, ACC: 0.9511, VAL_LOSS: 0.0455, VAL_ACC: 0.9849
==================== 2024-02-22 11:05:19 ====================

  0%|          | 0/684 [00:00<?, ?it/s]
  0%|          | 0/684 [26:57<?, ?it/s]
Epoch 43 | Step 0 | Loss 0.1907 | Accuracy 0.9522
Epoch 43 | Step 100 | Loss 0.1715 | Accuracy 0.9487
Epoch 43 | Step 200 | Loss 0.1643 | Accuracy 0.9503
Epoch 43 | Step 300 | Loss 0.1574 | Accuracy 0.9520
Epoch 43 | Step 400 | Loss 0.1579 | Accuracy 0.9521
Epoch 43 | Step 500 | Loss 0.1563 | Accuracy 0.9525
Epoch 43 | Step 600 | Loss 0.1556 | Accuracy 0.9528
EPOCH: 43, LOSS: 0.1562, ACC: 0.9541, VAL_LOSS: 0.0877, VAL_ACC: 0.9692
==================== 2024-02-22 11:32:16 ====================

  0%|          | 0/684 [00:00<?, ?it/s]
  0%|          | 0/684 [26:45<?, ?it/s]
Epoch 44 | Step 0 | Loss 0.2068 | Accuracy 0.9285
Epoch 44 | Step 100 | Loss 0.1459 | Accuracy 0.9556
Epoch 44 | Step 200 | Loss 0.1428 | Accuracy 0.9564
Epoch 44 | Step 300 | Loss 0.1433 | Accuracy 0.9568
Epoch 44 | Step 400 | Loss 0.1447 | Accuracy 0.9569
Epoch 44 | Step 500 | Loss 0.1441 | Accuracy 0.9572
Epoch 44 | Step 600 | Loss 0.1426 | Accuracy 0.9576
EPOCH: 44, LOSS: 0.1420, ACC: 0.9594, VAL_LOSS: 0.0381, VAL_ACC: 0.9873
==================== 2024-02-22 11:59:02 ====================

  0%|          | 0/684 [00:00<?, ?it/s]
  0%|          | 0/684 [27:05<?, ?it/s]
Epoch 45 | Step 0 | Loss 0.1117 | Accuracy 0.9581
Epoch 45 | Step 100 | Loss 0.1463 | Accuracy 0.9583
Epoch 45 | Step 200 | Loss 0.1393 | Accuracy 0.9594
Epoch 45 | Step 300 | Loss 0.1369 | Accuracy 0.9600
Epoch 45 | Step 400 | Loss 0.1344 | Accuracy 0.9605
Epoch 45 | Step 500 | Loss 0.1330 | Accuracy 0.9609
Epoch 45 | Step 600 | Loss 0.1321 | Accuracy 0.9612
EPOCH: 45, LOSS: 0.1313, ACC: 0.9629, VAL_LOSS: 0.0319, VAL_ACC: 0.9898
==================== 2024-02-22 12:26:07 ====================

  0%|          | 0/684 [00:00<?, ?it/s]
  0%|          | 0/684 [27:02<?, ?it/s]
Epoch 46 | Step 0 | Loss 0.1418 | Accuracy 0.9636
Epoch 46 | Step 100 | Loss 0.1230 | Accuracy 0.9638
Epoch 46 | Step 200 | Loss 0.1204 | Accuracy 0.9641
Epoch 46 | Step 300 | Loss 0.1192 | Accuracy 0.9646
Epoch 46 | Step 400 | Loss 0.1178 | Accuracy 0.9648
Epoch 46 | Step 500 | Loss 0.1170 | Accuracy 0.9652
Epoch 46 | Step 600 | Loss 0.1164 | Accuracy 0.9653
EPOCH: 46, LOSS: 0.1168, ACC: 0.9669, VAL_LOSS: 0.0271, VAL_ACC: 0.9911
==================== 2024-02-22 12:53:10 ====================

  0%|          | 0/684 [00:00<?, ?it/s]
  0%|          | 0/684 [29:21<?, ?it/s]
Epoch 47 | Step 0 | Loss 0.1245 | Accuracy 0.9688
Epoch 47 | Step 100 | Loss 0.1085 | Accuracy 0.9672
Epoch 47 | Step 200 | Loss 0.1130 | Accuracy 0.9665
Epoch 47 | Step 300 | Loss 0.1106 | Accuracy 0.9671
Epoch 47 | Step 400 | Loss 0.1095 | Accuracy 0.9676
Epoch 47 | Step 500 | Loss 0.1080 | Accuracy 0.9680
Epoch 47 | Step 600 | Loss 0.1062 | Accuracy 0.9685
EPOCH: 47, LOSS: 0.1062, ACC: 0.9700, VAL_LOSS: 0.0240, VAL_ACC: 0.9925
==================== 2024-02-22 13:22:31 ====================

  0%|          | 0/684 [00:00<?, ?it/s]
  0%|          | 0/684 [32:00<?, ?it/s]
Epoch 48 | Step 0 | Loss 0.0765 | Accuracy 0.9742
Epoch 48 | Step 100 | Loss 0.0980 | Accuracy 0.9710
Epoch 48 | Step 200 | Loss 0.0967 | Accuracy 0.9715
Epoch 48 | Step 300 | Loss 0.0956 | Accuracy 0.9719
Epoch 48 | Step 400 | Loss 0.0964 | Accuracy 0.9717
Epoch 48 | Step 500 | Loss 0.0959 | Accuracy 0.9719
Epoch 48 | Step 600 | Loss 0.0941 | Accuracy 0.9723
EPOCH: 48, LOSS: 0.0937, ACC: 0.9738, VAL_LOSS: 0.0207, VAL_ACC: 0.9940
==================== 2024-02-22 13:54:32 ====================

  0%|          | 0/684 [00:00<?, ?it/s]
  0%|          | 0/684 [27:32<?, ?it/s]
Epoch 49 | Step 0 | Loss 0.1102 | Accuracy 0.9713
Epoch 49 | Step 100 | Loss 0.0857 | Accuracy 0.9745
Epoch 49 | Step 200 | Loss 0.0874 | Accuracy 0.9742
Epoch 49 | Step 300 | Loss 0.0862 | Accuracy 0.9746
Epoch 49 | Step 400 | Loss 0.0865 | Accuracy 0.9746
Epoch 49 | Step 500 | Loss 0.0860 | Accuracy 0.9748
Epoch 49 | Step 600 | Loss 0.0854 | Accuracy 0.9751
EPOCH: 49, LOSS: 0.0851, ACC: 0.9767, VAL_LOSS: 0.0214, VAL_ACC: 0.9932
==================== 2024-02-22 14:22:04 ====================

  0%|          | 0/684 [00:00<?, ?it/s]
  0%|          | 0/684 [32:02<?, ?it/s]
Epoch 50 | Step 0 | Loss 0.1001 | Accuracy 0.9753
Epoch 50 | Step 100 | Loss 0.0914 | Accuracy 0.9738
Epoch 50 | Step 200 | Loss 0.0972 | Accuracy 0.9724
Epoch 50 | Step 300 | Loss 0.0903 | Accuracy 0.9742
Epoch 50 | Step 400 | Loss 0.0880 | Accuracy 0.9747
Epoch 50 | Step 500 | Loss 0.0853 | Accuracy 0.9753
Epoch 50 | Step 600 | Loss 0.0832 | Accuracy 0.9758
EPOCH: 50, LOSS: 0.0818, ACC: 0.9776, VAL_LOSS: 0.0158, VAL_ACC: 0.9956
==================== 2024-02-22 14:54:06 ====================
Finishing training...
Training completed in 1416m 6.218973s
